[2025/09/07-15:15:16]--==================================================
[2025/09/07-15:15:16]--[Layout File Name]        C:\Users\nkfzm\OneDrive - University of Missouri\Desktop\Research\Code\PDN\b3.spd
                       [Computer Host Name]      RS29JQCX3
                       [Version Number]          24.1.0.10141.541387   000
                       [License Name]            PowerSI II
                       [Number of CPU]           8
                       [DP Solver Option]        0
                       
                       
[2025/09/07-15:15:16]--Arranging Layout ...
[2025/09/07-15:15:16]--Arranging Layout - Shapes
[2025/09/07-15:15:16]--Arranging Layout - Layers
[2025/09/07-15:15:16]--Arranging Layout - Nodes
[2025/09/07-15:15:16]--Arranging Layout - Vias
[2025/09/07-15:15:16]--Arranging Layout - Traces
[2025/09/07-15:15:16]--Arranging Layout - Coupled Traces
[2025/09/07-15:15:16]--Arranging Circuits ...
[2025/09/07-15:15:16]--Processing Layout ...
[2025/09/07-15:15:16]--Processing Circuits ...
[2025/09/07-15:15:16]--  Processing On Plane Via Nodes
[2025/09/07-15:15:16]--  Processing On Plane Wire-bond Nodes
[2025/09/07-15:15:16]--  Setting Node Property
[2025/09/07-15:15:16]--  Handling Trace-Patch Connections
[2025/09/07-15:15:16]--  Handling Overlapped Traces
[2025/09/07-15:15:16]--  Handling Pads
[2025/09/07-15:15:16]--  Handling Trace-Via and Trace-Pad Connections
[2025/09/07-15:15:16]--  Handling Trace-Trace Connections
[2025/09/07-15:15:16]--  Connecting Nodes and Shapes
[2025/09/07-15:15:16]--  Combining Vias
[2025/09/07-15:15:16]--  Handling Trace-Pad Junctions
[2025/09/07-15:15:16]--  Handling Floating Vias
[2025/09/07-15:15:16]--  Identifying Package Node Circuit Connections
[2025/09/07-15:15:16]--  Merging Circuits
[2025/09/07-15:15:16]--  Computing Via Mounting Inductances
[2025/09/07-15:15:16]-- Generating FEM Mesh.
[2025/09/07-15:15:16]--Preprocessing Mesh Data
[2025/09/07-15:15:16]--Generating Initial Mesh
[2025/09/07-15:15:16]--GenerateFEMmesh: Current mesh iteration number is  0

[2025/09/07-15:15:16]--Initial Mesh Generated
[2025/09/07-15:15:16]--Processing Vias
[2025/09/07-15:15:16]--Processing Traces
[2025/09/07-15:15:16]--Processing Circuits
[2025/09/07-15:15:16]--Refining Mesh
[2025/09/07-15:15:17]-- FEM Mesh generated.
[2025/09/07-15:15:17]--Processing Field Domains
[2025/09/07-15:15:17]--Processing Circuits
[2025/09/07-15:15:17]--Processing Vias
[2025/09/07-15:15:17]--Processing Traces
[2025/09/07-15:15:17]--  Forming Coupled Traces
[2025/09/07-15:15:17]--  Identifying Package Node Circuit Connections
[2025/09/07-15:15:17]--  Re-merging Circuits
[2025/09/07-15:15:17]--  Forming Coupled Traces
[2025/09/07-15:15:17]--  Combining Traces
[2025/09/07-15:15:17]--  Checking Package Nodes
[2025/09/07-15:15:17]--  Generating Via Circuits
[2025/09/07-15:15:17]--  Extracting Via Pad/Antipad Parasitics
[2025/09/07-15:15:17]--  Generating Trace Circuits
[2025/09/07-15:15:17]--  Generating Coupled Trace Circuits
[2025/09/07-15:15:17]--  Completing Via Circuits
[2025/09/07-15:15:17]--  Completing Trace Circuits
[2025/09/07-15:15:17]--  Creating Coupled Trace circuits
[2025/09/07-15:15:17]--  Preparing Medium for Simulation
[2025/09/07-15:15:17]--  Preparing Boundary Condition
[2025/09/07-15:15:17]--Computing Edge Reflection Coefficient...
[2025/09/07-15:15:17]--    * Processing Plane02_FloatingPlane -- PatchSignal01 
[2025/09/07-15:15:17]--    * Processing Plane02_FloatingPlane -- PatchSignal02 
[2025/09/07-15:15:17]--    * Processing PatchSignal01 -- PatchSignal02 
[2025/09/07-15:15:17]--  Connecting Circuits To Patches
[2025/09/07-15:15:17]--  Handling Floating Circuits
[2025/09/07-15:15:17]--  Modelling Pads
[2025/09/07-15:15:17]--Solving Layout and Circuits ...
[2025/09/07-15:15:17]--AFS Current Frequency ( KHz ) = 10.000
                       
[2025/09/07-15:15:17]--AFS Current Frequency ( KHz ) = 23.714
                       
[2025/09/07-15:15:17]--AFS Current Frequency ( KHz ) = 56.234
                       
[2025/09/07-15:15:17]--AFS Current Frequency ( KHz ) = 133.352
                       
[2025/09/07-15:15:17]--AFS Current Frequency ( KHz ) = 237.137
                       
[2025/09/07-15:15:17]--AFS Current Frequency ( MHz ) = 2.000
                       
[2025/09/07-15:15:17]--AFS Current Frequency ( KHz ) = 749.894
                       
[2025/09/07-15:15:17]--AFS Current Frequency ( MHz ) = 4.000
                       
[2025/09/07-15:15:17]--AFS Current Frequency ( MHz ) = 5.000
                       
[2025/09/07-15:15:17]--AFS Current Frequency ( MHz ) = 9.500
                       
[2025/09/07-15:15:17]--AFS Current Frequency ( MHz ) = 20.000
                       
[2025/09/07-15:15:17]--AFS Current Frequency ( MHz ) = 48.000
                       
[2025/09/07-15:15:17]--AFS Current Frequency ( MHz ) = 50.000
                       
[2025/09/07-15:15:17]--AFS Current Frequency ( MHz ) = 72.000
                       
[2025/09/07-15:15:17]--AFS Current Frequency ( MHz ) = 94.000
                       
[2025/09/07-15:15:18]--AFS Current Frequency ( MHz ) = 116.000
                       
[2025/09/07-15:15:18]--AFS Current Frequency ( MHz ) = 138.000
                       
[2025/09/07-15:15:18]--AFS Current Frequency ( MHz ) = 164.000
                       
[2025/09/07-15:15:18]--AFS Current Frequency ( MHz ) = 166.000
                       
[2025/09/07-15:15:18]--AFS Current Frequency ( MHz ) = 188.000
                       
[2025/09/07-15:15:18]--AFS Current Frequency ( MHz ) = 210.000
                       
[2025/09/07-15:15:18]--AFS Current Frequency ( MHz ) = 232.000
                       
[2025/09/07-15:15:18]--AFS Current Frequency ( MHz ) = 254.000
                       
[2025/09/07-15:15:18]--AFS Current Frequency ( MHz ) = 282.000
                       
[2025/09/07-15:15:18]--AFS Current Frequency ( MHz ) = 284.000
                       
[2025/09/07-15:15:18]--AFS Current Frequency ( MHz ) = 306.000
                       
[2025/09/07-15:15:18]--AFS Current Frequency ( MHz ) = 328.000
                       
[2025/09/07-15:15:18]--AFS Current Frequency ( MHz ) = 350.000
                       
[2025/09/07-15:15:18]--AFS Current Frequency ( MHz ) = 372.000
                       
[2025/09/07-15:15:18]--AFS Current Frequency ( MHz ) = 400.000
                       
[2025/09/07-15:15:18]--AFS Current Frequency ( KHz ) = 100.000
                       
[2025/09/07-15:15:18]--AFS Current Frequency ( MHz ) = 56.000
                       
[2025/09/07-15:15:18]--AFS Current Frequency ( MHz ) = 272.000
                       
[2025/09/07-15:15:18]--AFS Current Frequency ( MHz ) = 398.000
                       
[2025/09/07-15:15:18]--AFS Current Frequency ( KHz ) = 177.828
                       
[2025/09/07-15:15:18]--AFS Current Frequency ( MHz ) = 38.000
                       
[2025/09/07-15:15:18]--AFS Current Frequency ( MHz ) = 40.000
                       
[2025/09/07-15:15:18]--AFS Current Frequency ( MHz ) = 36.000
                       
[2025/09/07-15:15:18]--AFS Current Frequency ( MHz ) = 42.000
                       
[2025/09/07-15:15:18]--AFS Current Frequency ( MHz ) = 34.000
                       
[2025/09/07-15:15:18]--AFS Current Frequency ( MHz ) = 32.000
                       
[2025/09/07-15:15:18]--AFS Current Frequency ( MHz ) = 44.000
                       
[2025/09/07-15:15:19]--AFS Current Frequency ( KHz ) = 421.697
                       
[2025/09/07-15:15:19]--AFS Current Frequency ( KHz ) = 316.228
                       
[2025/09/07-15:15:19]--AFS Current Frequency ( MHz ) = 14.000
                       
[2025/09/07-15:15:19]--AFS Current Frequency ( KHz ) = 17.783
                       
[2025/09/07-15:15:19]--AFS Current Frequency ( MHz ) = 17.000
                       
[2025/09/07-15:15:19]--AFS Finished
[2025/09/07-15:15:19]--Total Sampling Points = 47 
                       
[2025/09/07-15:15:19]--PowerSI simulation completed
                       ==================================================
