[2025/09/07-15:15:16]--[Layout File Name]        C:\Users\nkfzm\OneDrive - University of Missouri\Desktop\Research\Code\PDN\b3.spd
                       [Computer Host Name]      RS29JQCX3
                       [Version Number]          24.1.0.10141.541387   000
                       [License Name]            PowerSI II
                       [Number of CPU]           8
                       [DP Solver Option]        0
                       
                       
[2025/09/07-15:15:16]--[Number of Ports]                                            3
                       Signal Net Port Reference Impedance Setting 50.00 (Ohm) 
                       Power Net Port Reference Impedance Setting 50.00 (Ohm) 
                       
[2025/09/07-15:15:16]--     Time used for shape processing                          0.03sec 
                       
[2025/09/07-15:15:16]--     Time used for checking circuits                         0.03sec 
                       
[2025/09/07-15:15:16]--     Time used for adding floating patches                   0.04sec 
                       
[2025/09/07-15:15:16]--     Time used for parsing circuits                          0.00sec 
                       
[2025/09/07-15:15:16]--[T0] Time used for preprocessing ........................... 0.47sec 
                       
[2025/09/07-15:15:16]--[T1] Time used for arranging layout ........................ 0.00sec 
                       
[2025/09/07-15:15:16]--[T2] Time used for arranging circuits ...................... 0.00sec 
                       
[2025/09/07-15:15:16]--[T3] Time used for generating field domain elements ........ 0.00sec 
                       
[2025/09/07-15:15:16]--Mesher version: 0, mesh alignment: 0, mesh db: audata.

[2025/09/07-15:15:16]--Total metal mesh size: 105, total medium mesh size: 4924.

[2025/09/07-15:15:17]--
                             [Enhanced Via Pad/Antipad Model Activated]
                             [Total Number of Via groups]                           8
                             [Number of Via groups for model enhancement]           0
                       
[2025/09/07-15:15:17]--      [Number of unique Via groups]                          0
                       
[2025/09/07-15:15:17]--         Time used for extracting coupled line parameters    0.00sec 
                       
[2025/09/07-15:15:17]--                * Circuit Domains * 
                       
                             [Number of Vias]                                       6
                             [Number of Traces]                                     0
                             [Number of Coupled Trace Instances]                    0
                             [Number of Connected Circuits]                         0
                             [Number of Ports]                                      3
                             [Number of Threads Used For Some Functions]            8
                       
[2025/09/07-15:15:17]--[T4] Time used for generating via-trace-circuits ........... 1.43sec 
                       
[2025/09/07-15:15:17]--      Parameter Extraction Mode
                       
[2025/09/07-15:15:17]--                * Frequency Sweep:  0 
                             Start: 10.000 KHz 		 End: 400.000 MHz 
                             Adaptive Frequency Sweeping 
                       
[2025/09/07-15:15:17]--      System Physical Memory ............................................ 16072.730 (MB)
                             System Available Memory ........................................... 2214.344 (MB)
                             System Tolerance Memory is set to ................................. 221.434 (MB)
                       
[2025/09/07-15:15:17]--      AFS Init Frequency number ......................................... 30
                             AFS Init Frequency band number .................................... 4
                       
[2025/09/07-15:15:17]--      FREQUENCY:      10.000 KHz
                                 [Number of Total Unknowns in the Sparse Matrix Equation] ...... 2464
                                 [Number of Non-Field Unknowns] ................................ 20
                                 [Number of Nonzeros in the Sparse Matrix Equation] ............ 16594
                                 [Is the Sparse Matrix Symmetric, Half?] ....................... Y, Y
                                 [Simulation Time] ............................................. 0.09sec
                                 [Solver Peak memory usage] .................................... 23.836 (MB)
                                 [Solver] ...................................................... S600.2
                                 [CPU index] ................................................... 1/7
                                 [Number of used thread] ....................................... 7
                                 [PSI Peak memory usage] ....................................... 382.660 (MB)
                       
[2025/09/07-15:15:17]--      FREQUENCY:      23.714 KHz
                                 [Number of Total Unknowns in the Sparse Matrix Equation] ...... 2464
                                 [Number of Non-Field Unknowns] ................................ 20
                                 [Number of Nonzeros in the Sparse Matrix Equation] ............ 16594
                                 [Is the Sparse Matrix Symmetric, Half?] ....................... Y, Y
                                 [Simulation Time] ............................................. 0.02sec
                                 [Solver Peak memory usage] .................................... 23.125 (MB)
                                 [Solver] ...................................................... S600.2
                                 [CPU index] ................................................... 1/7
                                 [Number of used thread] ....................................... 1
                                 [PSI Peak memory usage] ....................................... 382.660 (MB)
                       
[2025/09/07-15:15:17]--      FREQUENCY:      2.000 MHz
                                 [Number of Total Unknowns in the Sparse Matrix Equation] ...... 2464
                                 [Number of Non-Field Unknowns] ................................ 20
                                 [Number of Nonzeros in the Sparse Matrix Equation] ............ 16594
                                 [Is the Sparse Matrix Symmetric, Half?] ....................... Y, Y
                                 [Simulation Time] ............................................. 0.02sec
                                 [Solver Peak memory usage] .................................... 23.160 (MB)
                                 [Solver] ...................................................... S600.2
                                 [CPU index] ................................................... 6/7
                                 [Number of used thread] ....................................... 1
                                 [PSI Peak memory usage] ....................................... 382.660 (MB)
                       
[2025/09/07-15:15:17]--      FREQUENCY:      56.234 KHz
                                 [Number of Total Unknowns in the Sparse Matrix Equation] ...... 2464
                                 [Number of Non-Field Unknowns] ................................ 20
                                 [Number of Nonzeros in the Sparse Matrix Equation] ............ 16594
                                 [Is the Sparse Matrix Symmetric, Half?] ....................... Y, Y
                                 [Simulation Time] ............................................. 0.02sec
                                 [Solver Peak memory usage] .................................... 23.164 (MB)
                                 [Solver] ...................................................... S600.2
                                 [CPU index] ................................................... 2/7
                                 [Number of used thread] ....................................... 1
                                 [PSI Peak memory usage] ....................................... 382.660 (MB)
                       
[2025/09/07-15:15:17]--      FREQUENCY:      237.137 KHz
                                 [Number of Total Unknowns in the Sparse Matrix Equation] ...... 2464
                                 [Number of Non-Field Unknowns] ................................ 20
                                 [Number of Nonzeros in the Sparse Matrix Equation] ............ 16594
                                 [Is the Sparse Matrix Symmetric, Half?] ....................... Y, Y
                                 [Simulation Time] ............................................. 0.02sec
                                 [Solver Peak memory usage] .................................... 23.137 (MB)
                                 [Solver] ...................................................... S600.2
                                 [CPU index] ................................................... 4/7
                                 [Number of used thread] ....................................... 1
                                 [PSI Peak memory usage] ....................................... 382.660 (MB)
                       
[2025/09/07-15:15:17]--      FREQUENCY:      133.352 KHz
                                 [Number of Total Unknowns in the Sparse Matrix Equation] ...... 2464
                                 [Number of Non-Field Unknowns] ................................ 20
                                 [Number of Nonzeros in the Sparse Matrix Equation] ............ 16594
                                 [Is the Sparse Matrix Symmetric, Half?] ....................... Y, Y
                                 [Simulation Time] ............................................. 0.02sec
                                 [Solver Peak memory usage] .................................... 23.145 (MB)
                                 [Solver] ...................................................... S600.2
                                 [CPU index] ................................................... 3/7
                                 [Number of used thread] ....................................... 1
                                 [PSI Peak memory usage] ....................................... 382.660 (MB)
                       
[2025/09/07-15:15:18]--      FREQUENCY:      5.000 MHz
                                 [Number of Total Unknowns in the Sparse Matrix Equation] ...... 2464
                                 [Number of Non-Field Unknowns] ................................ 20
                                 [Number of Nonzeros in the Sparse Matrix Equation] ............ 16594
                                 [Is the Sparse Matrix Symmetric, Half?] ....................... Y, Y
                                 [Simulation Time] ............................................. 0.02sec
                                 [Solver Peak memory usage] .................................... 23.180 (MB)
                                 [Solver] ...................................................... S600.2
                                 [CPU index] ................................................... 1/7
                                 [Number of used thread] ....................................... 1
                                 [PSI Peak memory usage] ....................................... 382.660 (MB)
                       
[2025/09/07-15:15:18]--      FREQUENCY:      48.000 MHz
                                 [Number of Total Unknowns in the Sparse Matrix Equation] ...... 2464
                                 [Number of Non-Field Unknowns] ................................ 20
                                 [Number of Nonzeros in the Sparse Matrix Equation] ............ 16594
                                 [Is the Sparse Matrix Symmetric, Half?] ....................... Y, Y
                                 [Simulation Time] ............................................. 0.02sec
                                 [Solver Peak memory usage] .................................... 23.156 (MB)
                                 [Solver] ...................................................... S600.2
                                 [CPU index] ................................................... 2/7
                                 [Number of used thread] ....................................... 1
                                 [PSI Peak memory usage] ....................................... 382.660 (MB)
                       
[2025/09/07-15:15:18]--      FREQUENCY:      9.500 MHz
                                 [Number of Total Unknowns in the Sparse Matrix Equation] ...... 2464
                                 [Number of Non-Field Unknowns] ................................ 20
                                 [Number of Nonzeros in the Sparse Matrix Equation] ............ 16594
                                 [Is the Sparse Matrix Symmetric, Half?] ....................... Y, Y
                                 [Simulation Time] ............................................. 0.02sec
                                 [Solver Peak memory usage] .................................... 23.098 (MB)
                                 [Solver] ...................................................... S600.2
                                 [CPU index] ................................................... 6/7
                                 [Number of used thread] ....................................... 1
                                 [PSI Peak memory usage] ....................................... 382.660 (MB)
                       
[2025/09/07-15:15:18]--      FREQUENCY:      20.000 MHz
                                 [Number of Total Unknowns in the Sparse Matrix Equation] ...... 2464
                                 [Number of Non-Field Unknowns] ................................ 20
                                 [Number of Nonzeros in the Sparse Matrix Equation] ............ 16594
                                 [Is the Sparse Matrix Symmetric, Half?] ....................... Y, Y
                                 [Simulation Time] ............................................. 0.02sec
                                 [Solver Peak memory usage] .................................... 23.258 (MB)
                                 [Solver] ...................................................... S600.2
                                 [CPU index] ................................................... 5/7
                                 [Number of used thread] ....................................... 1
                                 [PSI Peak memory usage] ....................................... 382.660 (MB)
                       
[2025/09/07-15:15:18]--      FREQUENCY:      94.000 MHz
                                 [Number of Total Unknowns in the Sparse Matrix Equation] ...... 2464
                                 [Number of Non-Field Unknowns] ................................ 20
                                 [Number of Nonzeros in the Sparse Matrix Equation] ............ 16594
                                 [Is the Sparse Matrix Symmetric, Half?] ....................... Y, Y
                                 [Simulation Time] ............................................. 0.02sec
                                 [Solver Peak memory usage] .................................... 23.090 (MB)
                                 [Solver] ...................................................... S600.2
                                 [CPU index] ................................................... 3/7
                                 [Number of used thread] ....................................... 1
                                 [PSI Peak memory usage] ....................................... 382.660 (MB)
                       
[2025/09/07-15:15:18]--      FREQUENCY:      50.000 MHz
                                 [Number of Total Unknowns in the Sparse Matrix Equation] ...... 2464
                                 [Number of Non-Field Unknowns] ................................ 20
                                 [Number of Nonzeros in the Sparse Matrix Equation] ............ 16594
                                 [Is the Sparse Matrix Symmetric, Half?] ....................... Y, Y
                                 [Simulation Time] ............................................. 0.02sec
                                 [Solver Peak memory usage] .................................... 23.086 (MB)
                                 [Solver] ...................................................... S600.2
                                 [CPU index] ................................................... 4/7
                                 [Number of used thread] ....................................... 1
                                 [PSI Peak memory usage] ....................................... 382.660 (MB)
                       
[2025/09/07-15:15:18]--      FREQUENCY:      116.000 MHz
                                 [Number of Total Unknowns in the Sparse Matrix Equation] ...... 2464
                                 [Number of Non-Field Unknowns] ................................ 20
                                 [Number of Nonzeros in the Sparse Matrix Equation] ............ 16594
                                 [Is the Sparse Matrix Symmetric, Half?] ....................... Y, Y
                                 [Simulation Time] ............................................. 0.02sec
                                 [Solver Peak memory usage] .................................... 23.109 (MB)
                                 [Solver] ...................................................... S600.2
                                 [CPU index] ................................................... 1/7
                                 [Number of used thread] ....................................... 1
                                 [PSI Peak memory usage] ....................................... 382.660 (MB)
                       
[2025/09/07-15:15:18]--      FREQUENCY:      138.000 MHz
                                 [Number of Total Unknowns in the Sparse Matrix Equation] ...... 2464
                                 [Number of Non-Field Unknowns] ................................ 20
                                 [Number of Nonzeros in the Sparse Matrix Equation] ............ 16594
                                 [Is the Sparse Matrix Symmetric, Half?] ....................... Y, Y
                                 [Simulation Time] ............................................. 0.02sec
                                 [Solver Peak memory usage] .................................... 23.098 (MB)
                                 [Solver] ...................................................... S600.2
                                 [CPU index] ................................................... 2/7
                                 [Number of used thread] ....................................... 1
                                 [PSI Peak memory usage] ....................................... 382.660 (MB)
                       
[2025/09/07-15:15:18]--      FREQUENCY:      166.000 MHz
                                 [Number of Total Unknowns in the Sparse Matrix Equation] ...... 2464
                                 [Number of Non-Field Unknowns] ................................ 20
                                 [Number of Nonzeros in the Sparse Matrix Equation] ............ 16594
                                 [Is the Sparse Matrix Symmetric, Half?] ....................... Y, Y
                                 [Simulation Time] ............................................. 0.02sec
                                 [Solver Peak memory usage] .................................... 23.117 (MB)
                                 [Solver] ...................................................... S600.2
                                 [CPU index] ................................................... 5/7
                                 [Number of used thread] ....................................... 1
                                 [PSI Peak memory usage] ....................................... 382.660 (MB)
                       
[2025/09/07-15:15:18]--      FREQUENCY:      164.000 MHz
                                 [Number of Total Unknowns in the Sparse Matrix Equation] ...... 2464
                                 [Number of Non-Field Unknowns] ................................ 20
                                 [Number of Nonzeros in the Sparse Matrix Equation] ............ 16594
                                 [Is the Sparse Matrix Symmetric, Half?] ....................... Y, Y
                                 [Simulation Time] ............................................. 0.02sec
                                 [Solver Peak memory usage] .................................... 23.129 (MB)
                                 [Solver] ...................................................... S600.2
                                 [CPU index] ................................................... 6/7
                                 [Number of used thread] ....................................... 1
                                 [PSI Peak memory usage] ....................................... 382.660 (MB)
                       
[2025/09/07-15:15:18]--      FREQUENCY:      210.000 MHz
                                 [Number of Total Unknowns in the Sparse Matrix Equation] ...... 2464
                                 [Number of Non-Field Unknowns] ................................ 20
                                 [Number of Nonzeros in the Sparse Matrix Equation] ............ 16594
                                 [Is the Sparse Matrix Symmetric, Half?] ....................... Y, Y
                                 [Simulation Time] ............................................. 0.02sec
                                 [Solver Peak memory usage] .................................... 23.152 (MB)
                                 [Solver] ...................................................... S600.2
                                 [CPU index] ................................................... 3/7
                                 [Number of used thread] ....................................... 1
                                 [PSI Peak memory usage] ....................................... 382.660 (MB)
                       
[2025/09/07-15:15:18]--      FREQUENCY:      188.000 MHz
                                 [Number of Total Unknowns in the Sparse Matrix Equation] ...... 2464
                                 [Number of Non-Field Unknowns] ................................ 20
                                 [Number of Nonzeros in the Sparse Matrix Equation] ............ 16594
                                 [Is the Sparse Matrix Symmetric, Half?] ....................... Y, Y
                                 [Simulation Time] ............................................. 0.02sec
                                 [Solver Peak memory usage] .................................... 23.090 (MB)
                                 [Solver] ...................................................... S600.2
                                 [CPU index] ................................................... 7/7
                                 [Number of used thread] ....................................... 1
                                 [PSI Peak memory usage] ....................................... 382.660 (MB)
                       
[2025/09/07-15:15:18]--      FREQUENCY:      232.000 MHz
                                 [Number of Total Unknowns in the Sparse Matrix Equation] ...... 2464
                                 [Number of Non-Field Unknowns] ................................ 20
                                 [Number of Nonzeros in the Sparse Matrix Equation] ............ 16594
                                 [Is the Sparse Matrix Symmetric, Half?] ....................... Y, Y
                                 [Simulation Time] ............................................. 0.02sec
                                 [Solver Peak memory usage] .................................... 23.070 (MB)
                                 [Solver] ...................................................... S600.2
                                 [CPU index] ................................................... 4/7
                                 [Number of used thread] ....................................... 1
                                 [PSI Peak memory usage] ....................................... 382.660 (MB)
                       
[2025/09/07-15:15:18]--      FREQUENCY:      254.000 MHz
                                 [Number of Total Unknowns in the Sparse Matrix Equation] ...... 2464
                                 [Number of Non-Field Unknowns] ................................ 20
                                 [Number of Nonzeros in the Sparse Matrix Equation] ............ 16594
                                 [Is the Sparse Matrix Symmetric, Half?] ....................... Y, Y
                                 [Simulation Time] ............................................. 0.02sec
                                 [Solver Peak memory usage] .................................... 23.133 (MB)
                                 [Solver] ...................................................... S600.2
                                 [CPU index] ................................................... 1/7
                                 [Number of used thread] ....................................... 1
                                 [PSI Peak memory usage] ....................................... 382.660 (MB)
                       
[2025/09/07-15:15:18]--      FREQUENCY:      284.000 MHz
                                 [Number of Total Unknowns in the Sparse Matrix Equation] ...... 2464
                                 [Number of Non-Field Unknowns] ................................ 20
                                 [Number of Nonzeros in the Sparse Matrix Equation] ............ 16594
                                 [Is the Sparse Matrix Symmetric, Half?] ....................... Y, Y
                                 [Simulation Time] ............................................. 0.02sec
                                 [Solver Peak memory usage] .................................... 23.133 (MB)
                                 [Solver] ...................................................... S600.2
                                 [CPU index] ................................................... 5/7
                                 [Number of used thread] ....................................... 1
                                 [PSI Peak memory usage] ....................................... 382.660 (MB)
                       
[2025/09/07-15:15:18]--      FREQUENCY:      282.000 MHz
                                 [Number of Total Unknowns in the Sparse Matrix Equation] ...... 2464
                                 [Number of Non-Field Unknowns] ................................ 20
                                 [Number of Nonzeros in the Sparse Matrix Equation] ............ 16594
                                 [Is the Sparse Matrix Symmetric, Half?] ....................... Y, Y
                                 [Simulation Time] ............................................. 0.02sec
                                 [Solver Peak memory usage] .................................... 23.156 (MB)
                                 [Solver] ...................................................... S600.2
                                 [CPU index] ................................................... 2/7
                                 [Number of used thread] ....................................... 1
                                 [PSI Peak memory usage] ....................................... 382.660 (MB)
                       
[2025/09/07-15:15:18]--      FREQUENCY:      328.000 MHz
                                 [Number of Total Unknowns in the Sparse Matrix Equation] ...... 2464
                                 [Number of Non-Field Unknowns] ................................ 20
                                 [Number of Nonzeros in the Sparse Matrix Equation] ............ 16594
                                 [Is the Sparse Matrix Symmetric, Half?] ....................... Y, Y
                                 [Simulation Time] ............................................. 0.02sec
                                 [Solver Peak memory usage] .................................... 23.137 (MB)
                                 [Solver] ...................................................... S600.2
                                 [CPU index] ................................................... 3/7
                                 [Number of used thread] ....................................... 1
                                 [PSI Peak memory usage] ....................................... 382.660 (MB)
                       
[2025/09/07-15:15:18]--      FREQUENCY:      306.000 MHz
                                 [Number of Total Unknowns in the Sparse Matrix Equation] ...... 2464
                                 [Number of Non-Field Unknowns] ................................ 20
                                 [Number of Nonzeros in the Sparse Matrix Equation] ............ 16594
                                 [Is the Sparse Matrix Symmetric, Half?] ....................... Y, Y
                                 [Simulation Time] ............................................. 0.02sec
                                 [Solver Peak memory usage] .................................... 23.145 (MB)
                                 [Solver] ...................................................... S600.2
                                 [CPU index] ................................................... 6/7
                                 [Number of used thread] ....................................... 1
                                 [PSI Peak memory usage] ....................................... 382.660 (MB)
                       
[2025/09/07-15:15:18]--      FREQUENCY:      350.000 MHz
                                 [Number of Total Unknowns in the Sparse Matrix Equation] ...... 2464
                                 [Number of Non-Field Unknowns] ................................ 20
                                 [Number of Nonzeros in the Sparse Matrix Equation] ............ 16594
                                 [Is the Sparse Matrix Symmetric, Half?] ....................... Y, Y
                                 [Simulation Time] ............................................. 0.02sec
                                 [Solver Peak memory usage] .................................... 23.121 (MB)
                                 [Solver] ...................................................... S600.2
                                 [CPU index] ................................................... 7/7
                                 [Number of used thread] ....................................... 1
                                 [PSI Peak memory usage] ....................................... 382.660 (MB)
                       
[2025/09/07-15:15:18]--      FREQUENCY:      372.000 MHz
                                 [Number of Total Unknowns in the Sparse Matrix Equation] ...... 2464
                                 [Number of Non-Field Unknowns] ................................ 20
                                 [Number of Nonzeros in the Sparse Matrix Equation] ............ 16594
                                 [Is the Sparse Matrix Symmetric, Half?] ....................... Y, Y
                                 [Simulation Time] ............................................. 0.02sec
                                 [Solver Peak memory usage] .................................... 23.188 (MB)
                                 [Solver] ...................................................... S600.2
                                 [CPU index] ................................................... 4/7
                                 [Number of used thread] ....................................... 1
                                 [PSI Peak memory usage] ....................................... 382.660 (MB)
                       
[2025/09/07-15:15:18]--      FREQUENCY:      400.000 MHz
                                 [Number of Total Unknowns in the Sparse Matrix Equation] ...... 2464
                                 [Number of Non-Field Unknowns] ................................ 20
                                 [Number of Nonzeros in the Sparse Matrix Equation] ............ 16594
                                 [Is the Sparse Matrix Symmetric, Half?] ....................... Y, Y
                                 [Simulation Time] ............................................. 0.02sec
                                 [Solver Peak memory usage] .................................... 23.168 (MB)
                                 [Solver] ...................................................... S600.2
                                 [CPU index] ................................................... 1/7
                                 [Number of used thread] ....................................... 1
                                 [PSI Peak memory usage] ....................................... 382.660 (MB)
                       
[2025/09/07-15:15:18]--      FREQUENCY:      100.000 KHz
                                 [Number of Total Unknowns in the Sparse Matrix Equation] ...... 2464
                                 [Number of Non-Field Unknowns] ................................ 20
                                 [Number of Nonzeros in the Sparse Matrix Equation] ............ 16594
                                 [Is the Sparse Matrix Symmetric, Half?] ....................... Y, Y
                                 [Simulation Time] ............................................. 0.02sec
                                 [Solver Peak memory usage] .................................... 23.172 (MB)
                                 [Solver] ...................................................... S600.2
                                 [CPU index] ................................................... 5/7
                                 [Number of used thread] ....................................... 1
                                 [PSI Peak memory usage] ....................................... 382.660 (MB)
                       
[2025/09/07-15:15:18]--      FREQUENCY:      56.000 MHz
                                 [Number of Total Unknowns in the Sparse Matrix Equation] ...... 2464
                                 [Number of Non-Field Unknowns] ................................ 20
                                 [Number of Nonzeros in the Sparse Matrix Equation] ............ 16594
                                 [Is the Sparse Matrix Symmetric, Half?] ....................... Y, Y
                                 [Simulation Time] ............................................. 0.02sec
                                 [Solver Peak memory usage] .................................... 23.117 (MB)
                                 [Solver] ...................................................... S600.2
                                 [CPU index] ................................................... 2/7
                                 [Number of used thread] ....................................... 1
                                 [PSI Peak memory usage] ....................................... 382.660 (MB)
                       
[2025/09/07-15:15:18]--      FREQUENCY:      272.000 MHz
                                 [Number of Total Unknowns in the Sparse Matrix Equation] ...... 2464
                                 [Number of Non-Field Unknowns] ................................ 20
                                 [Number of Nonzeros in the Sparse Matrix Equation] ............ 16594
                                 [Is the Sparse Matrix Symmetric, Half?] ....................... Y, Y
                                 [Simulation Time] ............................................. 0.02sec
                                 [Solver Peak memory usage] .................................... 23.188 (MB)
                                 [Solver] ...................................................... S600.2
                                 [CPU index] ................................................... 3/7
                                 [Number of used thread] ....................................... 1
                                 [PSI Peak memory usage] ....................................... 382.660 (MB)
                       
[2025/09/07-15:15:18]--      FREQUENCY:      398.000 MHz
                                 [Number of Total Unknowns in the Sparse Matrix Equation] ...... 2464
                                 [Number of Non-Field Unknowns] ................................ 20
                                 [Number of Nonzeros in the Sparse Matrix Equation] ............ 16594
                                 [Is the Sparse Matrix Symmetric, Half?] ....................... Y, Y
                                 [Simulation Time] ............................................. 0.01sec
                                 [Solver Peak memory usage] .................................... 23.129 (MB)
                                 [Solver] ...................................................... S600.2
                                 [CPU index] ................................................... 1/7
                                 [Number of used thread] ....................................... 1
                                 [PSI Peak memory usage] ....................................... 382.660 (MB)
                       
[2025/09/07-15:15:18]--      FREQUENCY:      177.828 KHz
                                 [Number of Total Unknowns in the Sparse Matrix Equation] ...... 2464
                                 [Number of Non-Field Unknowns] ................................ 20
                                 [Number of Nonzeros in the Sparse Matrix Equation] ............ 16594
                                 [Is the Sparse Matrix Symmetric, Half?] ....................... Y, Y
                                 [Simulation Time] ............................................. 0.02sec
                                 [Solver Peak memory usage] .................................... 23.148 (MB)
                                 [Solver] ...................................................... S600.2
                                 [CPU index] ................................................... 5/7
                                 [Number of used thread] ....................................... 1
                                 [PSI Peak memory usage] ....................................... 382.660 (MB)
                       
[2025/09/07-15:15:18]--      FREQUENCY:      42.000 MHz
                                 [Number of Total Unknowns in the Sparse Matrix Equation] ...... 2464
                                 [Number of Non-Field Unknowns] ................................ 20
                                 [Number of Nonzeros in the Sparse Matrix Equation] ............ 16594
                                 [Is the Sparse Matrix Symmetric, Half?] ....................... Y, Y
                                 [Simulation Time] ............................................. 0.02sec
                                 [Solver Peak memory usage] .................................... 23.090 (MB)
                                 [Solver] ...................................................... S600.2
                                 [CPU index] ................................................... 2/7
                                 [Number of used thread] ....................................... 1
                                 [PSI Peak memory usage] ....................................... 382.660 (MB)
                       
[2025/09/07-15:15:19]--      FREQUENCY:      40.000 MHz
                                 [Number of Total Unknowns in the Sparse Matrix Equation] ...... 2464
                                 [Number of Non-Field Unknowns] ................................ 20
                                 [Number of Nonzeros in the Sparse Matrix Equation] ............ 16594
                                 [Is the Sparse Matrix Symmetric, Half?] ....................... Y, Y
                                 [Simulation Time] ............................................. 0.02sec
                                 [Solver Peak memory usage] .................................... 23.117 (MB)
                                 [Solver] ...................................................... S600.2
                                 [CPU index] ................................................... 1/7
                                 [Number of used thread] ....................................... 1
                                 [PSI Peak memory usage] ....................................... 382.660 (MB)
                       
[2025/09/07-15:15:19]--      FREQUENCY:      38.000 MHz
                                 [Number of Total Unknowns in the Sparse Matrix Equation] ...... 2464
                                 [Number of Non-Field Unknowns] ................................ 20
                                 [Number of Nonzeros in the Sparse Matrix Equation] ............ 16594
                                 [Is the Sparse Matrix Symmetric, Half?] ....................... Y, Y
                                 [Simulation Time] ............................................. 0.02sec
                                 [Solver Peak memory usage] .................................... 23.176 (MB)
                                 [Solver] ...................................................... S600.2
                                 [CPU index] ................................................... 5/7
                                 [Number of used thread] ....................................... 1
                                 [PSI Peak memory usage] ....................................... 382.660 (MB)
                       
[2025/09/07-15:15:19]--      FREQUENCY:      34.000 MHz
                                 [Number of Total Unknowns in the Sparse Matrix Equation] ...... 2464
                                 [Number of Non-Field Unknowns] ................................ 20
                                 [Number of Nonzeros in the Sparse Matrix Equation] ............ 16594
                                 [Is the Sparse Matrix Symmetric, Half?] ....................... Y, Y
                                 [Simulation Time] ............................................. 0.02sec
                                 [Solver Peak memory usage] .................................... 23.082 (MB)
                                 [Solver] ...................................................... S600.2
                                 [CPU index] ................................................... 4/7
                                 [Number of used thread] ....................................... 1
                                 [PSI Peak memory usage] ....................................... 382.660 (MB)
                       
[2025/09/07-15:15:19]--      FREQUENCY:      36.000 MHz
                                 [Number of Total Unknowns in the Sparse Matrix Equation] ...... 2464
                                 [Number of Non-Field Unknowns] ................................ 20
                                 [Number of Nonzeros in the Sparse Matrix Equation] ............ 16594
                                 [Is the Sparse Matrix Symmetric, Half?] ....................... Y, Y
                                 [Simulation Time] ............................................. 0.02sec
                                 [Solver Peak memory usage] .................................... 23.160 (MB)
                                 [Solver] ...................................................... S600.2
                                 [CPU index] ................................................... 3/7
                                 [Number of used thread] ....................................... 1
                                 [PSI Peak memory usage] ....................................... 382.660 (MB)
                       
[2025/09/07-15:15:19]--      FREQUENCY:      32.000 MHz
                                 [Number of Total Unknowns in the Sparse Matrix Equation] ...... 2464
                                 [Number of Non-Field Unknowns] ................................ 20
                                 [Number of Nonzeros in the Sparse Matrix Equation] ............ 16594
                                 [Is the Sparse Matrix Symmetric, Half?] ....................... Y, Y
                                 [Simulation Time] ............................................. 0.02sec
                                 [Solver Peak memory usage] .................................... 23.023 (MB)
                                 [Solver] ...................................................... S600.2
                                 [CPU index] ................................................... 7/7
                                 [Number of used thread] ....................................... 1
                                 [PSI Peak memory usage] ....................................... 382.660 (MB)
                       
[2025/09/07-15:15:19]--      FREQUENCY:      44.000 MHz
                                 [Number of Total Unknowns in the Sparse Matrix Equation] ...... 2464
                                 [Number of Non-Field Unknowns] ................................ 20
                                 [Number of Nonzeros in the Sparse Matrix Equation] ............ 16594
                                 [Is the Sparse Matrix Symmetric, Half?] ....................... Y, Y
                                 [Simulation Time] ............................................. 0.02sec
                                 [Solver Peak memory usage] .................................... 23.188 (MB)
                                 [Solver] ...................................................... S600.2
                                 [CPU index] ................................................... 6/7
                                 [Number of used thread] ....................................... 1
                                 [PSI Peak memory usage] ....................................... 382.660 (MB)
                       
[2025/09/07-15:15:19]--      FREQUENCY:      421.697 KHz
                                 [Number of Total Unknowns in the Sparse Matrix Equation] ...... 2464
                                 [Number of Non-Field Unknowns] ................................ 20
                                 [Number of Nonzeros in the Sparse Matrix Equation] ............ 16594
                                 [Is the Sparse Matrix Symmetric, Half?] ....................... Y, Y
                                 [Simulation Time] ............................................. 0.02sec
                                 [Solver Peak memory usage] .................................... 23.930 (MB)
                                 [Solver] ...................................................... S600.2
                                 [CPU index] ................................................... 6/7
                                 [Number of used thread] ....................................... 7
                                 [PSI Peak memory usage] ....................................... 382.660 (MB)
                       
[2025/09/07-15:15:19]--      FREQUENCY:      316.228 KHz
                                 [Number of Total Unknowns in the Sparse Matrix Equation] ...... 2464
                                 [Number of Non-Field Unknowns] ................................ 20
                                 [Number of Nonzeros in the Sparse Matrix Equation] ............ 16594
                                 [Is the Sparse Matrix Symmetric, Half?] ....................... Y, Y
                                 [Simulation Time] ............................................. 0.02sec
                                 [Solver Peak memory usage] .................................... 23.891 (MB)
                                 [Solver] ...................................................... S600.2
                                 [CPU index] ................................................... 6/7
                                 [Number of used thread] ....................................... 7
                                 [PSI Peak memory usage] ....................................... 382.660 (MB)
                       
[2025/09/07-15:15:19]--      FREQUENCY:      14.000 MHz
                                 [Number of Total Unknowns in the Sparse Matrix Equation] ...... 2464
                                 [Number of Non-Field Unknowns] ................................ 20
                                 [Number of Nonzeros in the Sparse Matrix Equation] ............ 16594
                                 [Is the Sparse Matrix Symmetric, Half?] ....................... Y, Y
                                 [Simulation Time] ............................................. 0.02sec
                                 [Solver Peak memory usage] .................................... 23.809 (MB)
                                 [Solver] ...................................................... S600.2
                                 [CPU index] ................................................... 6/7
                                 [Number of used thread] ....................................... 7
                                 [PSI Peak memory usage] ....................................... 382.660 (MB)
                       
[2025/09/07-15:15:19]--      FREQUENCY:      17.783 KHz
                                 [Number of Total Unknowns in the Sparse Matrix Equation] ...... 2464
                                 [Number of Non-Field Unknowns] ................................ 20
                                 [Number of Nonzeros in the Sparse Matrix Equation] ............ 16594
                                 [Is the Sparse Matrix Symmetric, Half?] ....................... Y, Y
                                 [Simulation Time] ............................................. 0.02sec
                                 [Solver Peak memory usage] .................................... 23.863 (MB)
                                 [Solver] ...................................................... S600.2
                                 [CPU index] ................................................... 6/7
                                 [Number of used thread] ....................................... 7
                                 [PSI Peak memory usage] ....................................... 382.660 (MB)
                       
[2025/09/07-15:15:19]--      FREQUENCY:      17.000 MHz
                                 [Number of Total Unknowns in the Sparse Matrix Equation] ...... 2464
                                 [Number of Non-Field Unknowns] ................................ 20
                                 [Number of Nonzeros in the Sparse Matrix Equation] ............ 16594
                                 [Is the Sparse Matrix Symmetric, Half?] ....................... Y, Y
                                 [Simulation Time] ............................................. 0.02sec
                                 [Solver Peak memory usage] .................................... 23.809 (MB)
                                 [Solver] ...................................................... S600.2
                                 [CPU index] ................................................... 6/7
                                 [Number of used thread] ....................................... 7
                                 [PSI Peak memory usage] ....................................... 382.660 (MB)
                       
[2025/09/07-15:15:19]--      Total time for convergency checking and data processing ........... 0.00sec
                       
[2025/09/07-15:15:19]--Total Sampling Points = 47 
                       
[2025/09/07-15:15:19]--[T5] Time used for solving package and circuits ............ 2.50sec 
                       
[2025/09/07-15:15:19]--[T6] Total engine time used for this project ...................... 4.41sec 
                       
[2025/09/07-15:15:20]--[T7] Total simulation time used for this project .................. 4.46sec 
                       
