[2025/09/27-17:15:54]--Error Checking with Options:
                       		Floating nodes : ON
                       		Geometry error : ON
                       		Short circuit : ON
                       		Open circuit : ON
                       		Tool dependency : OFF
                       		Mesh geometry error : OFF
[2025/09/27-17:15:54]--Environment: Mesh on.
[2025/09/27-17:15:54]--
                       ****Summary: Miscellaneous check, Error(s) = 0, Warning(s) = 0
[2025/09/27-17:15:54]--
                       ****Summary: Variables checks, Error(s) = 0, Warning(s) = 0
[2025/09/27-17:15:54]--
                       ****Summary: Shape Gap detect, Error(s) = 0, Warning(s) = 0
[2025/09/27-17:15:54]--
                       ****Summary: Via Overlap check, Error(s) = 0, Warning(s) = 0
[2025/09/27-17:15:54]--
                       ****Summary: Node Contact check (Geometry Error), Error(s) = 0, Warning(s) = 0
[2025/09/27-17:15:54]--
                       0 error(s) 0 warning(s) found in SPD file "b4_1.spd"
                       
                       
